[debug] [2025-09-23T19:48:52.662Z] ----------------------------------------------------------------------
[debug] [2025-09-23T19:48:52.666Z] Command:       /Users/macbook/.nvm/versions/node/v20.19.2/bin/node /Users/macbook/.nvm/versions/node/v20.19.2/bin/firebase emulators:start --only functions,firestore
[debug] [2025-09-23T19:48:52.667Z] CLI Version:   14.17.0
[debug] [2025-09-23T19:48:52.667Z] Platform:      darwin
[debug] [2025-09-23T19:48:52.667Z] Node Version:  v20.19.2
[debug] [2025-09-23T19:48:52.667Z] Time:          Tue Sep 23 2025 15:48:52 GMT-0400 (hora de Venezuela)
[debug] [2025-09-23T19:48:52.668Z] ----------------------------------------------------------------------
[debug] 
[debug] [2025-09-23T19:48:52.989Z] Object "/firestore" in "firebase.json" has unknown property: {"additionalProperty":"host"}
[debug] [2025-09-23T19:48:52.990Z] Field "/firestore" in "firebase.json" is possibly invalid: must be array
[debug] [2025-09-23T19:48:52.990Z] Field "/firestore" in "firebase.json" is possibly invalid: must match a schema in anyOf
[debug] [2025-09-23T19:48:52.998Z] > command requires scopes: ["email","openid","https://www.googleapis.com/auth/cloudplatformprojects.readonly","https://www.googleapis.com/auth/firebase","https://www.googleapis.com/auth/cloud-platform"]
[debug] [2025-09-23T19:48:52.998Z] > authorizing via signed-in user (simoncrespo2021@gmail.com)
[debug] [2025-09-23T19:48:53.316Z] openjdk version "11.0.16.1" 2022-08-12 LTS

[debug] [2025-09-23T19:48:53.316Z] OpenJDK Runtime Environment Microsoft-40648 (build 11.0.16.1+1-LTS)
OpenJDK 64-Bit Server VM Microsoft-40648 (build 11.0.16.1+1-LTS, mixed mode)

[debug] [2025-09-23T19:48:53.324Z] Parsed Java major version: 11
[info] i  emulators: Starting emulators: functions, firestore {"metadata":{"emulator":{"name":"hub"},"message":"Starting emulators: functions, firestore"}}
[warn] ⚠  logging: Logging Emulator unable to start on port 4500, starting on 4501 instead. {"metadata":{"emulator":{"name":"logging"},"message":"Logging Emulator unable to start on port 4500, starting on 4501 instead."}}
[debug] [2025-09-23T19:48:54.713Z] [logging] Logging Emulator only supports listening on one address (127.0.0.1). Not listening on ::1
[debug] [2025-09-23T19:48:54.713Z] assigned listening specs for emulators {"user":{"firestore":[{"address":"127.0.0.1","family":"IPv4","port":8080}],"firestore.websocket":[{"address":"127.0.0.1","family":"IPv4","port":9150}],"hub":[{"address":"127.0.0.1","family":"IPv4","port":4400},{"address":"::1","family":"IPv6","port":4400}],"ui":[{"address":"127.0.0.1","family":"IPv4","port":4005},{"address":"::1","family":"IPv6","port":4005}],"logging":[{"address":"127.0.0.1","family":"IPv4","port":4501}]},"metadata":{"message":"assigned listening specs for emulators"}}
[debug] [2025-09-23T19:48:54.718Z] Emulator locator file path: /tmp/hub-challengeatom-bc57b.json
[debug] [2025-09-23T19:48:54.719Z] [hub] writing locator at /tmp/hub-challengeatom-bc57b.json
[debug] [2025-09-23T19:48:55.474Z] [eventarc] Eventarc Emulator only supports listening on one address (127.0.0.1). Not listening on ::1
[debug] [2025-09-23T19:48:55.475Z] [tasks] Cloud Tasks Emulator only supports listening on one address (127.0.0.1). Not listening on ::1
[debug] [2025-09-23T19:48:55.475Z] late-assigned ports for functions and eventarc emulators {"user":{"firestore":[{"address":"127.0.0.1","family":"IPv4","port":8080}],"firestore.websocket":[{"address":"127.0.0.1","family":"IPv4","port":9150}],"hub":[{"address":"127.0.0.1","family":"IPv4","port":4400},{"address":"::1","family":"IPv6","port":4400}],"ui":[{"address":"127.0.0.1","family":"IPv4","port":4005},{"address":"::1","family":"IPv6","port":4005}],"logging":[{"address":"127.0.0.1","family":"IPv4","port":4501}],"functions":[{"address":"127.0.0.1","family":"IPv4","port":5001}],"eventarc":[{"address":"127.0.0.1","family":"IPv4","port":9299}],"tasks":[{"address":"127.0.0.1","family":"IPv4","port":9499}]},"metadata":{"message":"late-assigned ports for functions and eventarc emulators"}}
[warn] ⚠  functions: The following emulators are not running, calls to these services from the Functions emulator will affect production: apphosting, auth, database, hosting, pubsub, storage, dataconnect {"metadata":{"emulator":{"name":"functions"},"message":"The following emulators are not running, calls to these services from the Functions emulator will affect production: \u001b[1mapphosting, auth, database, hosting, pubsub, storage, dataconnect\u001b[22m"}}
[debug] [2025-09-23T19:48:55.490Z] defaultcredentials: writing to file /Users/macbook/.config/firebase/simoncrespo2021_gmail_com_application_default_credentials.json
[debug] [2025-09-23T19:48:55.492Z] Setting GAC to /Users/macbook/.config/firebase/simoncrespo2021_gmail_com_application_default_credentials.json {"metadata":{"emulator":{"name":"functions"},"message":"Setting GAC to /Users/macbook/.config/firebase/simoncrespo2021_gmail_com_application_default_credentials.json"}}
[debug] [2025-09-23T19:48:55.493Z] Checked if tokens are valid: false, expires at: 1758646678559
[debug] [2025-09-23T19:48:55.494Z] Checked if tokens are valid: false, expires at: 1758646678559
[debug] [2025-09-23T19:48:55.494Z] > refreshing access token with scopes: []
[debug] [2025-09-23T19:48:55.496Z] >>> [apiv2][query] POST https://www.googleapis.com/oauth2/v3/token [none]
[debug] [2025-09-23T19:48:55.496Z] >>> [apiv2][body] POST https://www.googleapis.com/oauth2/v3/token [omitted]
[debug] [2025-09-23T19:48:55.904Z] <<< [apiv2][status] POST https://www.googleapis.com/oauth2/v3/token 200
[debug] [2025-09-23T19:48:55.904Z] <<< [apiv2][body] POST https://www.googleapis.com/oauth2/v3/token [omitted]
[debug] [2025-09-23T19:48:55.956Z] >>> [apiv2][query] GET https://firebase.googleapis.com/v1beta1/projects/challengeatom-bc57b/adminSdkConfig [none]
[debug] [2025-09-23T19:48:56.438Z] <<< [apiv2][status] GET https://firebase.googleapis.com/v1beta1/projects/challengeatom-bc57b/adminSdkConfig 200
[debug] [2025-09-23T19:48:56.439Z] <<< [apiv2][body] GET https://firebase.googleapis.com/v1beta1/projects/challengeatom-bc57b/adminSdkConfig {"projectId":"challengeatom-bc57b","storageBucket":"challengeatom-bc57b.firebasestorage.app"}
[warn] ⚠  firestore: Did not find a Cloud Firestore rules file specified in a firebase.json config file. {"metadata":{"emulator":{"name":"firestore"},"message":"Did not find a Cloud Firestore rules file specified in a firebase.json config file."}}
[warn] ⚠  firestore: The emulator will default to allowing all reads and writes. Learn more about this option: https://firebase.google.com/docs/emulator-suite/install_and_configure#security_rules_configuration. {"metadata":{"emulator":{"name":"firestore"},"message":"The emulator will default to allowing all reads and writes. Learn more about this option: https://firebase.google.com/docs/emulator-suite/install_and_configure#security_rules_configuration."}}
[debug] [2025-09-23T19:48:56.478Z] Ignoring unsupported arg: auto_download {"metadata":{"emulator":{"name":"firestore"},"message":"Ignoring unsupported arg: auto_download"}}
[debug] [2025-09-23T19:48:56.478Z] Ignoring unsupported arg: single_project_mode_error {"metadata":{"emulator":{"name":"firestore"},"message":"Ignoring unsupported arg: single_project_mode_error"}}
[debug] [2025-09-23T19:48:56.478Z] Starting Firestore Emulator with command {"binary":"java","args":["-Dgoogle.cloud_firestore.debug_log_level=FINE","-Duser.language=en","-jar","/Users/macbook/.cache/firebase/emulators/cloud-firestore-emulator-v1.19.8.jar","--host","127.0.0.1","--port",8080,"--websocket_port",9150,"--project_id","challengeatom-bc57b","--single_project_mode",true,"--functions_emulator","127.0.0.1:5001"],"optionalArgs":["port","webchannel_port","host","rules","websocket_port","functions_emulator","seed_from_export","project_id","single_project_mode"],"joinArgs":false,"shell":false,"port":8080} {"metadata":{"emulator":{"name":"firestore"},"message":"Starting Firestore Emulator with command {\"binary\":\"java\",\"args\":[\"-Dgoogle.cloud_firestore.debug_log_level=FINE\",\"-Duser.language=en\",\"-jar\",\"/Users/macbook/.cache/firebase/emulators/cloud-firestore-emulator-v1.19.8.jar\",\"--host\",\"127.0.0.1\",\"--port\",8080,\"--websocket_port\",9150,\"--project_id\",\"challengeatom-bc57b\",\"--single_project_mode\",true,\"--functions_emulator\",\"127.0.0.1:5001\"],\"optionalArgs\":[\"port\",\"webchannel_port\",\"host\",\"rules\",\"websocket_port\",\"functions_emulator\",\"seed_from_export\",\"project_id\",\"single_project_mode\"],\"joinArgs\":false,\"shell\":false,\"port\":8080}"}}
[info] i  firestore: Firestore Emulator logging to firestore-debug.log {"metadata":{"emulator":{"name":"firestore"},"message":"Firestore Emulator logging to \u001b[1mfirestore-debug.log\u001b[22m"}}
[debug] [2025-09-23T19:48:58.601Z] Sep 23, 2025 3:48:58 PM com.google.cloud.datastore.emulator.firestore.websocket.WebSocketServer start
INFO: Started WebSocket server on ws://127.0.0.1:9150
 {"metadata":{"emulator":{"name":"firestore"},"message":"Sep 23, 2025 3:48:58 PM com.google.cloud.datastore.emulator.firestore.websocket.WebSocketServer start\nINFO: Started WebSocket server on ws://127.0.0.1:9150\n"}}
[debug] [2025-09-23T19:48:58.641Z] API endpoint: http:// {"metadata":{"emulator":{"name":"firestore"},"message":"API endpoint: http://"}}
[debug] [2025-09-23T19:48:58.642Z] 127.0.0.1:8080
If you are using a library that supports the FIRESTORE_EMULATOR_HOST environment variable, run:

   export FIRESTORE_EMULATOR_HOST=127.0.0.1:8080

If you are running a Firestore in Datastore Mode project, run:

   export DATASTORE_EMULATOR_HOST=127.0.0.1:8080

Note: Support for Datastore Mode is in preview. If you encounter any bugs please file at https://github.com/firebase/firebase-tools/issues.
Dev App Server is now running.

 {"metadata":{"emulator":{"name":"firestore"},"message":"127.0.0.1:8080\nIf you are using a library that supports the FIRESTORE_EMULATOR_HOST environment variable, run:\n\n   export FIRESTORE_EMULATOR_HOST=127.0.0.1:8080\n\nIf you are running a Firestore in Datastore Mode project, run:\n\n   export DATASTORE_EMULATOR_HOST=127.0.0.1:8080\n\nNote: Support for Datastore Mode is in preview. If you encounter any bugs please file at https://github.com/firebase/firebase-tools/issues.\nDev App Server is now running.\n\n"}}
[info] ✔  firestore: Firestore Emulator UI websocket is running on 9150. {"metadata":{"emulator":{"name":"firestore"},"message":"Firestore Emulator UI websocket is running on 9150."}}
[info] i  functions: Watching "/Users/macbook/Downloads/backend-hexagonal/backen-nodejs-atom" for Cloud Functions... {"metadata":{"emulator":{"name":"functions"},"message":"Watching \"/Users/macbook/Downloads/backend-hexagonal/backen-nodejs-atom\" for Cloud Functions..."}}
[debug] [2025-09-23T19:48:58.709Z] Validating nodejs source
[warn] ⚠  functions: package.json indicates an outdated version of firebase-functions. Please upgrade using npm install --save firebase-functions@latest in your functions directory. 
[warn] ⚠  functions: Please note that there will be breaking changes when you upgrade. 
[debug] [2025-09-23T19:49:00.070Z] > [functions] package.json contents: {
  "name": "backen-nodejs-atom",
  "version": "1.0.0",
  "main": "lib/index.js",
  "private": true,
  "engines": {
    "node": "20"
  },
  "scripts": {
    "build": "tsc -p .",
    "test": "jest",
    "test:int": "firebase emulators:exec --only firestore \"jest -c jest.config.js --runInBand tests/integration\"",
    "test:unit": "jest -c jest.config.js --runInBand tests/unit"
  },
  "dependencies": {
    "cors": "^2.8.5",
    "express": "^4.19.2",
    "express-rate-limit": "^7.1.5",
    "firebase-admin": "^12.5.0",
    "firebase-functions": "^4.9.0",
    "zod": "^3.23.8"
  },
  "devDependencies": {
    "@types/express": "^4.17.21",
    "@types/jest": "^30.0.0",
    "@types/node": "^20.11.30",
    "@types/supertest": "^6.0.3",
    "jest": "^30.1.3",
    "supertest": "^7.1.4",
    "ts-jest": "^29.4.4",
    "typescript": "^5.4.5"
  }
}
[debug] [2025-09-23T19:49:00.070Z] Building nodejs source
[debug] [2025-09-23T19:49:00.070Z] Failed to find version of module node: reached end of search path /Users/macbook/Downloads/backend-hexagonal/backen-nodejs-atom/node_modules
[info] ✔  functions: Using node@20 from host. 
[info] i  functions: You are using a version of firebase-functions SDK (4.9.0) that does not have support for the newest Firebase Extensions features. Please update firebase-functions SDK to >=5.1.0 to use them correctly 
[debug] [2025-09-23T19:49:00.073Z] Could not find functions.yaml. Must use http discovery
[debug] [2025-09-23T19:49:00.083Z] Found firebase-functions binary at '/Users/macbook/Downloads/backend-hexagonal/backen-nodejs-atom/node_modules/.bin/firebase-functions'
[info] Serving at port 8493

[debug] [2025-09-23T19:49:00.865Z] Got response from /__/functions.yaml {"endpoints":{"api":{"platform":"gcfv1","availableMemoryMb":null,"timeoutSeconds":null,"minInstances":null,"maxInstances":null,"ingressSettings":null,"serviceAccountEmail":null,"vpc":null,"region":["us-central1"],"httpsTrigger":{},"entryPoint":"api"}},"specVersion":"v1alpha1","requiredAPIs":[],"params":[{"type":"secret","name":"TASKS_API_KEYS"}]}
[info] ✔  functions: Loaded functions definitions from source: api. {"metadata":{"emulator":{"name":"functions"},"message":"Loaded functions definitions from source: api."}}
[info] ✔  functions[us-central1-api]: http function initialized (http://127.0.0.1:5001/challengeatom-bc57b/us-central1/api). {"metadata":{"emulator":{"name":"functions"},"message":"\u001b[1mhttp\u001b[22m function initialized (http://127.0.0.1:5001/challengeatom-bc57b/us-central1/api)."}}
[debug] [2025-09-23T19:49:04.899Z] Could not find VSCode notification endpoint: FetchError: request to http://localhost:40001/vscode/notify failed, reason: . If you are not running the Firebase Data Connect VSCode extension, this is expected and not an issue.
[info] 
┌─────────────────────────────────────────────────────────────┐
│ ✔  All emulators ready! It is now safe to connect your app. │
│ i  View Emulator UI at http://127.0.0.1:4005/               │
└─────────────────────────────────────────────────────────────┘

┌───────────┬────────────────┬─────────────────────────────────┐
│ Emulator  │ Host:Port      │ View in Emulator UI             │
├───────────┼────────────────┼─────────────────────────────────┤
│ Functions │ 127.0.0.1:5001 │ http://127.0.0.1:4005/functions │
├───────────┼────────────────┼─────────────────────────────────┤
│ Firestore │ 127.0.0.1:8080 │ http://127.0.0.1:4005/firestore │
└───────────┴────────────────┴─────────────────────────────────┘
  Emulator Hub host: 127.0.0.1 port: 4400
  Other reserved ports: 4501, 9150

Issues? Report them at https://github.com/firebase/firebase-tools/issues and attach the *-debug.log files.
 
[debug] [2025-09-23T19:49:21.174Z] [work-queue] {"queuedWork":["/challengeatom-bc57b/us-central1/api/users/simon%40gmail.com-2025-09-23T19:49:21.174Z"],"queueLength":1,"runningWork":[],"workRunningCount":0}
[debug] [2025-09-23T19:49:21.175Z] [work-queue] {"queuedWork":[],"queueLength":0,"runningWork":["/challengeatom-bc57b/us-central1/api/users/simon%40gmail.com-2025-09-23T19:49:21.174Z"],"workRunningCount":1}
[debug] [2025-09-23T19:49:21.175Z] Accepted request OPTIONS /challengeatom-bc57b/us-central1/api/users/simon%40gmail.com --> us-central1-api
[debug] [2025-09-23T19:49:21.178Z] [functions] Runtime ready! Sending request! {"metadata":{"emulator":{"name":"functions"},"message":"[functions] Runtime ready! Sending request!"}}
[debug] [2025-09-23T19:49:21.179Z] [functions] Got req.url=/challengeatom-bc57b/us-central1/api/users/simon%40gmail.com, mapping to path=/users/simon%40gmail.com {"metadata":{"emulator":{"name":"functions"},"message":"[functions] Got req.url=/challengeatom-bc57b/us-central1/api/users/simon%40gmail.com, mapping to path=/users/simon%40gmail.com"}}
[debug] [2025-09-23T19:49:21.183Z] [worker-pool] addWorker(us-central1-api) {"metadata":{"emulator":{"name":"functions"},"message":"[worker-pool] addWorker(us-central1-api)"}}
[debug] [2025-09-23T19:49:21.184Z] [worker-pool] Adding worker with key us-central1-api, total=1 {"metadata":{"emulator":{"name":"functions"},"message":"[worker-pool] Adding worker with key us-central1-api, total=1"}}
[debug] [2025-09-23T19:49:22.825Z] [runtime-status] [25863] Resolved module firebase-admin {"declared":true,"installed":true,"version":"12.7.0","resolution":"/Users/macbook/Downloads/backend-hexagonal/backen-nodejs-atom/node_modules/firebase-admin/lib/index.js"} {"metadata":{"emulator":{"name":"functions"},"function":{"name":"us-central1-api"},"extension":{},"message":"[runtime-status] [25863] Resolved module firebase-admin {\"declared\":true,\"installed\":true,\"version\":\"12.7.0\",\"resolution\":\"/Users/macbook/Downloads/backend-hexagonal/backen-nodejs-atom/node_modules/firebase-admin/lib/index.js\"}"}}
[debug] [2025-09-23T19:49:22.826Z] [runtime-status] [25863] Resolved module firebase-functions {"declared":true,"installed":true,"version":"4.9.0","resolution":"/Users/macbook/Downloads/backend-hexagonal/backen-nodejs-atom/node_modules/firebase-functions/lib/v1/index.js"} {"metadata":{"emulator":{"name":"functions"},"function":{"name":"us-central1-api"},"extension":{},"message":"[runtime-status] [25863] Resolved module firebase-functions {\"declared\":true,\"installed\":true,\"version\":\"4.9.0\",\"resolution\":\"/Users/macbook/Downloads/backend-hexagonal/backen-nodejs-atom/node_modules/firebase-functions/lib/v1/index.js\"}"}}
[debug] [2025-09-23T19:49:22.826Z] [runtime-status] [25863] Outgoing network have been stubbed. [{"name":"http","status":"mocked"},{"name":"http","status":"mocked"},{"name":"https","status":"mocked"},{"name":"https","status":"mocked"},{"name":"net","status":"mocked"}] {"metadata":{"emulator":{"name":"functions"},"function":{"name":"us-central1-api"},"extension":{},"message":"[runtime-status] [25863] Outgoing network have been stubbed. [{\"name\":\"http\",\"status\":\"mocked\"},{\"name\":\"http\",\"status\":\"mocked\"},{\"name\":\"https\",\"status\":\"mocked\"},{\"name\":\"https\",\"status\":\"mocked\"},{\"name\":\"net\",\"status\":\"mocked\"}]"}}
[debug] [2025-09-23T19:49:22.827Z] [runtime-status] [25863] Resolved module firebase-functions {"declared":true,"installed":true,"version":"4.9.0","resolution":"/Users/macbook/Downloads/backend-hexagonal/backen-nodejs-atom/node_modules/firebase-functions/lib/v1/index.js"} {"metadata":{"emulator":{"name":"functions"},"function":{"name":"us-central1-api"},"extension":{},"message":"[runtime-status] [25863] Resolved module firebase-functions {\"declared\":true,\"installed\":true,\"version\":\"4.9.0\",\"resolution\":\"/Users/macbook/Downloads/backend-hexagonal/backen-nodejs-atom/node_modules/firebase-functions/lib/v1/index.js\"}"}}
[debug] [2025-09-23T19:49:23.245Z] [runtime-status] [25863] Checked functions.config() {"config":{}} {"metadata":{"emulator":{"name":"functions"},"function":{"name":"us-central1-api"},"extension":{},"message":"[runtime-status] [25863] Checked functions.config() {\"config\":{}}"}}
[debug] [2025-09-23T19:49:23.245Z] [runtime-status] [25863] firebase-functions has been stubbed. {"functionsResolution":{"declared":true,"installed":true,"version":"4.9.0","resolution":"/Users/macbook/Downloads/backend-hexagonal/backen-nodejs-atom/node_modules/firebase-functions/lib/v1/index.js"}} {"metadata":{"emulator":{"name":"functions"},"function":{"name":"us-central1-api"},"extension":{},"message":"[runtime-status] [25863] firebase-functions has been stubbed. {\"functionsResolution\":{\"declared\":true,\"installed\":true,\"version\":\"4.9.0\",\"resolution\":\"/Users/macbook/Downloads/backend-hexagonal/backen-nodejs-atom/node_modules/firebase-functions/lib/v1/index.js\"}}"}}
[debug] [2025-09-23T19:49:23.245Z] [runtime-status] [25863] Resolved module firebase-functions {"declared":true,"installed":true,"version":"4.9.0","resolution":"/Users/macbook/Downloads/backend-hexagonal/backen-nodejs-atom/node_modules/firebase-functions/lib/v1/index.js"} {"metadata":{"emulator":{"name":"functions"},"function":{"name":"us-central1-api"},"extension":{},"message":"[runtime-status] [25863] Resolved module firebase-functions {\"declared\":true,\"installed\":true,\"version\":\"4.9.0\",\"resolution\":\"/Users/macbook/Downloads/backend-hexagonal/backen-nodejs-atom/node_modules/firebase-functions/lib/v1/index.js\"}"}}
[debug] [2025-09-23T19:49:23.246Z] [runtime-status] [25863] Resolved module firebase-admin {"declared":true,"installed":true,"version":"12.7.0","resolution":"/Users/macbook/Downloads/backend-hexagonal/backen-nodejs-atom/node_modules/firebase-admin/lib/index.js"} {"metadata":{"emulator":{"name":"functions"},"function":{"name":"us-central1-api"},"extension":{},"message":"[runtime-status] [25863] Resolved module firebase-admin {\"declared\":true,\"installed\":true,\"version\":\"12.7.0\",\"resolution\":\"/Users/macbook/Downloads/backend-hexagonal/backen-nodejs-atom/node_modules/firebase-admin/lib/index.js\"}"}}
[debug] [2025-09-23T19:49:23.249Z] [runtime-status] [25863] Resolved module firebase-functions {"declared":true,"installed":true,"version":"4.9.0","resolution":"/Users/macbook/Downloads/backend-hexagonal/backen-nodejs-atom/node_modules/firebase-functions/lib/v1/index.js"} {"metadata":{"emulator":{"name":"functions"},"function":{"name":"us-central1-api"},"extension":{},"message":"[runtime-status] [25863] Resolved module firebase-functions {\"declared\":true,\"installed\":true,\"version\":\"4.9.0\",\"resolution\":\"/Users/macbook/Downloads/backend-hexagonal/backen-nodejs-atom/node_modules/firebase-functions/lib/v1/index.js\"}"}}
[debug] [2025-09-23T19:49:23.249Z] [runtime-status] [25863] firebase-admin has been stubbed. {"adminResolution":{"declared":true,"installed":true,"version":"12.7.0","resolution":"/Users/macbook/Downloads/backend-hexagonal/backen-nodejs-atom/node_modules/firebase-admin/lib/index.js"}} {"metadata":{"emulator":{"name":"functions"},"function":{"name":"us-central1-api"},"extension":{},"message":"[runtime-status] [25863] firebase-admin has been stubbed. {\"adminResolution\":{\"declared\":true,\"installed\":true,\"version\":\"12.7.0\",\"resolution\":\"/Users/macbook/Downloads/backend-hexagonal/backen-nodejs-atom/node_modules/firebase-admin/lib/index.js\"}}"}}
[debug] [2025-09-23T19:49:23.422Z] [runtime-status] [25863] initializeApp(DEFAULT) {"storageBucket":"challengeatom-bc57b.firebasestorage.app","projectId":"challengeatom-bc57b"} {"metadata":{"emulator":{"name":"functions"},"function":{"name":"us-central1-api"},"extension":{},"message":"[runtime-status] [25863] initializeApp(DEFAULT) {\"storageBucket\":\"challengeatom-bc57b.firebasestorage.app\",\"projectId\":\"challengeatom-bc57b\"}"}}
[debug] [2025-09-23T19:49:23.459Z] [runtime-status] [25863] Functions runtime initialized. {"cwd":"/Users/macbook/Downloads/backend-hexagonal/backen-nodejs-atom","node_version":"20.19.2"} {"metadata":{"emulator":{"name":"functions"},"function":{"name":"us-central1-api"},"extension":{},"message":"[runtime-status] [25863] Functions runtime initialized. {\"cwd\":\"/Users/macbook/Downloads/backend-hexagonal/backen-nodejs-atom\",\"node_version\":\"20.19.2\"}"}}
[debug] [2025-09-23T19:49:23.460Z] [runtime-status] [25863] Listening to port: /tmp/fire_emu_4a08273781ed5f4d.sock {"metadata":{"emulator":{"name":"functions"},"function":{"name":"us-central1-api"},"extension":{},"message":"[runtime-status] [25863] Listening to port: /tmp/fire_emu_4a08273781ed5f4d.sock"}}
[debug] [2025-09-23T19:49:23.516Z] [worker-us-central1-api-21c97de0-b437-47bd-8dd6-c6e0109fd518]: IDLE {"metadata":{"emulator":{"name":"functions"},"function":{"name":"us-central1-api"},"extension":{},"message":"[worker-us-central1-api-21c97de0-b437-47bd-8dd6-c6e0109fd518]: IDLE"}}
[debug] [2025-09-23T19:49:23.516Z] [worker-pool] submitRequest(triggerId=us-central1-api) {"metadata":{"emulator":{"name":"functions"},"message":"[worker-pool] submitRequest(triggerId=us-central1-api)"}}
[info] i  functions: Beginning execution of "us-central1-api" {"metadata":{"emulator":{"name":"functions"},"function":{"name":"us-central1-api"},"extension":{},"message":"Beginning execution of \"us-central1-api\""}}
[debug] [2025-09-23T19:49:23.517Z] [worker-us-central1-api-21c97de0-b437-47bd-8dd6-c6e0109fd518]: BUSY {"metadata":{"emulator":{"name":"functions"},"function":{"name":"us-central1-api"},"extension":{},"message":"[worker-us-central1-api-21c97de0-b437-47bd-8dd6-c6e0109fd518]: BUSY"}}
[debug] [2025-09-23T19:49:23.523Z] Finishing up request with event=pause {"metadata":{"emulator":{"name":"functions"},"function":{"name":"us-central1-api"},"extension":{},"message":"Finishing up request with event=pause"}}
[info] i  functions: Finished "us-central1-api" in 6.12294ms {"metadata":{"emulator":{"name":"functions"},"function":{"name":"us-central1-api"},"extension":{},"message":"Finished \"us-central1-api\" in 6.12294ms"}}
[debug] [2025-09-23T19:49:23.523Z] [worker-us-central1-api-21c97de0-b437-47bd-8dd6-c6e0109fd518]: IDLE {"metadata":{"emulator":{"name":"functions"},"function":{"name":"us-central1-api"},"extension":{},"message":"[worker-us-central1-api-21c97de0-b437-47bd-8dd6-c6e0109fd518]: IDLE"}}
[debug] [2025-09-23T19:49:23.523Z] Finishing up request with event=finish {"metadata":{"emulator":{"name":"functions"},"function":{"name":"us-central1-api"},"extension":{},"message":"Finishing up request with event=finish"}}
[debug] [2025-09-23T19:49:23.524Z] Finishing up request with event=close {"metadata":{"emulator":{"name":"functions"},"function":{"name":"us-central1-api"},"extension":{},"message":"Finishing up request with event=close"}}
[debug] [2025-09-23T19:49:23.524Z] [work-queue] {"queuedWork":[],"queueLength":0,"runningWork":[],"workRunningCount":0}
[debug] [2025-09-23T19:49:23.526Z] [work-queue] {"queuedWork":["/challengeatom-bc57b/us-central1/api/users/simon%40gmail.com-2025-09-23T19:49:23.526Z"],"queueLength":1,"runningWork":[],"workRunningCount":0}
[debug] [2025-09-23T19:49:23.526Z] [work-queue] {"queuedWork":[],"queueLength":0,"runningWork":["/challengeatom-bc57b/us-central1/api/users/simon%40gmail.com-2025-09-23T19:49:23.526Z"],"workRunningCount":1}
[debug] [2025-09-23T19:49:23.526Z] Accepted request GET /challengeatom-bc57b/us-central1/api/users/simon%40gmail.com --> us-central1-api
[debug] [2025-09-23T19:49:23.528Z] [functions] Runtime ready! Sending request! {"metadata":{"emulator":{"name":"functions"},"message":"[functions] Runtime ready! Sending request!"}}
[debug] [2025-09-23T19:49:23.529Z] [functions] Got req.url=/challengeatom-bc57b/us-central1/api/users/simon%40gmail.com, mapping to path=/users/simon%40gmail.com {"metadata":{"emulator":{"name":"functions"},"message":"[functions] Got req.url=/challengeatom-bc57b/us-central1/api/users/simon%40gmail.com, mapping to path=/users/simon%40gmail.com"}}
[debug] [2025-09-23T19:49:23.529Z] [worker-pool] submitRequest(triggerId=us-central1-api) {"metadata":{"emulator":{"name":"functions"},"message":"[worker-pool] submitRequest(triggerId=us-central1-api)"}}
[info] i  functions: Beginning execution of "us-central1-api" {"metadata":{"emulator":{"name":"functions"},"function":{"name":"us-central1-api"},"extension":{},"message":"Beginning execution of \"us-central1-api\""}}
[debug] [2025-09-23T19:49:23.529Z] [worker-us-central1-api-21c97de0-b437-47bd-8dd6-c6e0109fd518]: BUSY {"metadata":{"emulator":{"name":"functions"},"function":{"name":"us-central1-api"},"extension":{},"message":"[worker-us-central1-api-21c97de0-b437-47bd-8dd6-c6e0109fd518]: BUSY"}}
[debug] [2025-09-23T19:49:24.006Z] Sep 23, 2025 3:49:24 PM io.gapi.emulators.netty.HttpVersionRoutingHandler channelRead
INFO: Detected HTTP/2 connection.
 {"metadata":{"emulator":{"name":"firestore"},"message":"Sep 23, 2025 3:49:24 PM io.gapi.emulators.netty.HttpVersionRoutingHandler channelRead\nINFO: Detected HTTP/2 connection.\n"}}
[debug] [2025-09-23T19:49:25.070Z] Finishing up request with event=pause {"metadata":{"emulator":{"name":"functions"},"function":{"name":"us-central1-api"},"extension":{},"message":"Finishing up request with event=pause"}}
[info] i  functions: Finished "us-central1-api" in 1541.53234ms {"metadata":{"emulator":{"name":"functions"},"function":{"name":"us-central1-api"},"extension":{},"message":"Finished \"us-central1-api\" in 1541.53234ms"}}
[debug] [2025-09-23T19:49:25.071Z] [worker-us-central1-api-21c97de0-b437-47bd-8dd6-c6e0109fd518]: IDLE {"metadata":{"emulator":{"name":"functions"},"function":{"name":"us-central1-api"},"extension":{},"message":"[worker-us-central1-api-21c97de0-b437-47bd-8dd6-c6e0109fd518]: IDLE"}}
[debug] [2025-09-23T19:49:25.071Z] Finishing up request with event=finish {"metadata":{"emulator":{"name":"functions"},"function":{"name":"us-central1-api"},"extension":{},"message":"Finishing up request with event=finish"}}
[debug] [2025-09-23T19:49:25.071Z] Finishing up request with event=close {"metadata":{"emulator":{"name":"functions"},"function":{"name":"us-central1-api"},"extension":{},"message":"Finishing up request with event=close"}}
[debug] [2025-09-23T19:49:25.071Z] [work-queue] {"queuedWork":[],"queueLength":0,"runningWork":[],"workRunningCount":0}
[debug] [2025-09-23T19:49:28.383Z] Sep 23, 2025 3:49:28 PM com.google.cloud.datastore.emulator.firestore.websocket.WebSocketChannelHandler initChannel
INFO: Connected to new websocket client
 {"metadata":{"emulator":{"name":"firestore"},"message":"Sep 23, 2025 3:49:28 PM com.google.cloud.datastore.emulator.firestore.websocket.WebSocketChannelHandler initChannel\nINFO: Connected to new websocket client\n"}}
[debug] [2025-09-23T19:49:28.464Z] Sep 23, 2025 3:49:28 PM com.google.cloud.datastore.emulator.firestore.websocket.WebSocketChannelHandler initChannel
INFO: Connected to new websocket client
 {"metadata":{"emulator":{"name":"firestore"},"message":"Sep 23, 2025 3:49:28 PM com.google.cloud.datastore.emulator.firestore.websocket.WebSocketChannelHandler initChannel\nINFO: Connected to new websocket client\n"}}
[debug] [2025-09-23T19:49:30.180Z] [work-queue] {"queuedWork":["/challengeatom-bc57b/us-central1/api/users-2025-09-23T19:49:30.180Z"],"queueLength":1,"runningWork":[],"workRunningCount":0}
[debug] [2025-09-23T19:49:30.181Z] [work-queue] {"queuedWork":[],"queueLength":0,"runningWork":["/challengeatom-bc57b/us-central1/api/users-2025-09-23T19:49:30.180Z"],"workRunningCount":1}
[debug] [2025-09-23T19:49:30.181Z] Accepted request OPTIONS /challengeatom-bc57b/us-central1/api/users --> us-central1-api
[debug] [2025-09-23T19:49:30.184Z] [functions] Runtime ready! Sending request! {"metadata":{"emulator":{"name":"functions"},"message":"[functions] Runtime ready! Sending request!"}}
[debug] [2025-09-23T19:49:30.184Z] [functions] Got req.url=/challengeatom-bc57b/us-central1/api/users, mapping to path=/users {"metadata":{"emulator":{"name":"functions"},"message":"[functions] Got req.url=/challengeatom-bc57b/us-central1/api/users, mapping to path=/users"}}
[debug] [2025-09-23T19:49:30.184Z] [worker-pool] submitRequest(triggerId=us-central1-api) {"metadata":{"emulator":{"name":"functions"},"message":"[worker-pool] submitRequest(triggerId=us-central1-api)"}}
[info] i  functions: Beginning execution of "us-central1-api" {"metadata":{"emulator":{"name":"functions"},"function":{"name":"us-central1-api"},"extension":{},"message":"Beginning execution of \"us-central1-api\""}}
[debug] [2025-09-23T19:49:30.185Z] [worker-us-central1-api-21c97de0-b437-47bd-8dd6-c6e0109fd518]: BUSY {"metadata":{"emulator":{"name":"functions"},"function":{"name":"us-central1-api"},"extension":{},"message":"[worker-us-central1-api-21c97de0-b437-47bd-8dd6-c6e0109fd518]: BUSY"}}
[debug] [2025-09-23T19:49:30.187Z] Finishing up request with event=pause {"metadata":{"emulator":{"name":"functions"},"function":{"name":"us-central1-api"},"extension":{},"message":"Finishing up request with event=pause"}}
[info] i  functions: Finished "us-central1-api" in 2.739608ms {"metadata":{"emulator":{"name":"functions"},"function":{"name":"us-central1-api"},"extension":{},"message":"Finished \"us-central1-api\" in 2.739608ms"}}
[debug] [2025-09-23T19:49:30.188Z] [worker-us-central1-api-21c97de0-b437-47bd-8dd6-c6e0109fd518]: IDLE {"metadata":{"emulator":{"name":"functions"},"function":{"name":"us-central1-api"},"extension":{},"message":"[worker-us-central1-api-21c97de0-b437-47bd-8dd6-c6e0109fd518]: IDLE"}}
[debug] [2025-09-23T19:49:30.188Z] Finishing up request with event=finish {"metadata":{"emulator":{"name":"functions"},"function":{"name":"us-central1-api"},"extension":{},"message":"Finishing up request with event=finish"}}
[debug] [2025-09-23T19:49:30.188Z] Finishing up request with event=close {"metadata":{"emulator":{"name":"functions"},"function":{"name":"us-central1-api"},"extension":{},"message":"Finishing up request with event=close"}}
[debug] [2025-09-23T19:49:30.189Z] [work-queue] {"queuedWork":[],"queueLength":0,"runningWork":[],"workRunningCount":0}
[debug] [2025-09-23T19:49:30.189Z] [work-queue] {"queuedWork":["/challengeatom-bc57b/us-central1/api/users-2025-09-23T19:49:30.189Z"],"queueLength":1,"runningWork":[],"workRunningCount":0}
[debug] [2025-09-23T19:49:30.189Z] [work-queue] {"queuedWork":[],"queueLength":0,"runningWork":["/challengeatom-bc57b/us-central1/api/users-2025-09-23T19:49:30.189Z"],"workRunningCount":1}
[debug] [2025-09-23T19:49:30.189Z] Accepted request POST /challengeatom-bc57b/us-central1/api/users --> us-central1-api
[debug] [2025-09-23T19:49:30.192Z] [functions] Runtime ready! Sending request! {"metadata":{"emulator":{"name":"functions"},"message":"[functions] Runtime ready! Sending request!"}}
[debug] [2025-09-23T19:49:30.192Z] [functions] Got req.url=/challengeatom-bc57b/us-central1/api/users, mapping to path=/users {"metadata":{"emulator":{"name":"functions"},"message":"[functions] Got req.url=/challengeatom-bc57b/us-central1/api/users, mapping to path=/users"}}
[debug] [2025-09-23T19:49:30.192Z] [worker-pool] submitRequest(triggerId=us-central1-api) {"metadata":{"emulator":{"name":"functions"},"message":"[worker-pool] submitRequest(triggerId=us-central1-api)"}}
[info] i  functions: Beginning execution of "us-central1-api" {"metadata":{"emulator":{"name":"functions"},"function":{"name":"us-central1-api"},"extension":{},"message":"Beginning execution of \"us-central1-api\""}}
[debug] [2025-09-23T19:49:30.193Z] [worker-us-central1-api-21c97de0-b437-47bd-8dd6-c6e0109fd518]: BUSY {"metadata":{"emulator":{"name":"functions"},"function":{"name":"us-central1-api"},"extension":{},"message":"[worker-us-central1-api-21c97de0-b437-47bd-8dd6-c6e0109fd518]: BUSY"}}
[debug] [2025-09-23T19:49:30.376Z] Finishing up request with event=pause {"metadata":{"emulator":{"name":"functions"},"function":{"name":"us-central1-api"},"extension":{},"message":"Finishing up request with event=pause"}}
[info] i  functions: Finished "us-central1-api" in 183.171444ms {"metadata":{"emulator":{"name":"functions"},"function":{"name":"us-central1-api"},"extension":{},"message":"Finished \"us-central1-api\" in 183.171444ms"}}
[debug] [2025-09-23T19:49:30.377Z] [worker-us-central1-api-21c97de0-b437-47bd-8dd6-c6e0109fd518]: IDLE {"metadata":{"emulator":{"name":"functions"},"function":{"name":"us-central1-api"},"extension":{},"message":"[worker-us-central1-api-21c97de0-b437-47bd-8dd6-c6e0109fd518]: IDLE"}}
[debug] [2025-09-23T19:49:30.377Z] Finishing up request with event=finish {"metadata":{"emulator":{"name":"functions"},"function":{"name":"us-central1-api"},"extension":{},"message":"Finishing up request with event=finish"}}
[debug] [2025-09-23T19:49:30.377Z] Finishing up request with event=close {"metadata":{"emulator":{"name":"functions"},"function":{"name":"us-central1-api"},"extension":{},"message":"Finishing up request with event=close"}}
[debug] [2025-09-23T19:49:30.379Z] [work-queue] {"queuedWork":[],"queueLength":0,"runningWork":[],"workRunningCount":0}
[debug] [2025-09-23T19:49:30.452Z] [work-queue] {"queuedWork":["/challengeatom-bc57b/us-central1/api/tasks-2025-09-23T19:49:30.452Z"],"queueLength":1,"runningWork":[],"workRunningCount":0}
[debug] [2025-09-23T19:49:30.453Z] [work-queue] {"queuedWork":[],"queueLength":0,"runningWork":["/challengeatom-bc57b/us-central1/api/tasks-2025-09-23T19:49:30.452Z"],"workRunningCount":1}
[debug] [2025-09-23T19:49:30.453Z] Accepted request OPTIONS /challengeatom-bc57b/us-central1/api/tasks?email=simon@gmail.com --> us-central1-api
[debug] [2025-09-23T19:49:30.459Z] [functions] Runtime ready! Sending request! {"metadata":{"emulator":{"name":"functions"},"message":"[functions] Runtime ready! Sending request!"}}
[debug] [2025-09-23T19:49:30.460Z] [functions] Got req.url=/challengeatom-bc57b/us-central1/api/tasks?email=simon@gmail.com, mapping to path=/tasks?email=simon@gmail.com {"metadata":{"emulator":{"name":"functions"},"message":"[functions] Got req.url=/challengeatom-bc57b/us-central1/api/tasks?email=simon@gmail.com, mapping to path=/tasks?email=simon@gmail.com"}}
[debug] [2025-09-23T19:49:30.460Z] [worker-pool] submitRequest(triggerId=us-central1-api) {"metadata":{"emulator":{"name":"functions"},"message":"[worker-pool] submitRequest(triggerId=us-central1-api)"}}
[info] i  functions: Beginning execution of "us-central1-api" {"metadata":{"emulator":{"name":"functions"},"function":{"name":"us-central1-api"},"extension":{},"message":"Beginning execution of \"us-central1-api\""}}
[debug] [2025-09-23T19:49:30.461Z] [worker-us-central1-api-21c97de0-b437-47bd-8dd6-c6e0109fd518]: BUSY {"metadata":{"emulator":{"name":"functions"},"function":{"name":"us-central1-api"},"extension":{},"message":"[worker-us-central1-api-21c97de0-b437-47bd-8dd6-c6e0109fd518]: BUSY"}}
[debug] [2025-09-23T19:49:30.467Z] Finishing up request with event=pause {"metadata":{"emulator":{"name":"functions"},"function":{"name":"us-central1-api"},"extension":{},"message":"Finishing up request with event=pause"}}
[info] i  functions: Finished "us-central1-api" in 6.601329ms {"metadata":{"emulator":{"name":"functions"},"function":{"name":"us-central1-api"},"extension":{},"message":"Finished \"us-central1-api\" in 6.601329ms"}}
[debug] [2025-09-23T19:49:30.469Z] [worker-us-central1-api-21c97de0-b437-47bd-8dd6-c6e0109fd518]: IDLE {"metadata":{"emulator":{"name":"functions"},"function":{"name":"us-central1-api"},"extension":{},"message":"[worker-us-central1-api-21c97de0-b437-47bd-8dd6-c6e0109fd518]: IDLE"}}
[debug] [2025-09-23T19:49:30.469Z] Finishing up request with event=finish {"metadata":{"emulator":{"name":"functions"},"function":{"name":"us-central1-api"},"extension":{},"message":"Finishing up request with event=finish"}}
[debug] [2025-09-23T19:49:30.469Z] Finishing up request with event=close {"metadata":{"emulator":{"name":"functions"},"function":{"name":"us-central1-api"},"extension":{},"message":"Finishing up request with event=close"}}
[debug] [2025-09-23T19:49:30.469Z] [work-queue] {"queuedWork":[],"queueLength":0,"runningWork":[],"workRunningCount":0}
[debug] [2025-09-23T19:49:30.512Z] [work-queue] {"queuedWork":["/challengeatom-bc57b/us-central1/api/tasks-2025-09-23T19:49:30.512Z"],"queueLength":1,"runningWork":[],"workRunningCount":0}
[debug] [2025-09-23T19:49:30.513Z] [work-queue] {"queuedWork":[],"queueLength":0,"runningWork":["/challengeatom-bc57b/us-central1/api/tasks-2025-09-23T19:49:30.512Z"],"workRunningCount":1}
[debug] [2025-09-23T19:49:30.513Z] Accepted request GET /challengeatom-bc57b/us-central1/api/tasks?email=simon@gmail.com --> us-central1-api
[debug] [2025-09-23T19:49:30.516Z] [functions] Runtime ready! Sending request! {"metadata":{"emulator":{"name":"functions"},"message":"[functions] Runtime ready! Sending request!"}}
[debug] [2025-09-23T19:49:30.517Z] [functions] Got req.url=/challengeatom-bc57b/us-central1/api/tasks?email=simon@gmail.com, mapping to path=/tasks?email=simon@gmail.com {"metadata":{"emulator":{"name":"functions"},"message":"[functions] Got req.url=/challengeatom-bc57b/us-central1/api/tasks?email=simon@gmail.com, mapping to path=/tasks?email=simon@gmail.com"}}
[debug] [2025-09-23T19:49:30.517Z] [worker-pool] submitRequest(triggerId=us-central1-api) {"metadata":{"emulator":{"name":"functions"},"message":"[worker-pool] submitRequest(triggerId=us-central1-api)"}}
[info] i  functions: Beginning execution of "us-central1-api" {"metadata":{"emulator":{"name":"functions"},"function":{"name":"us-central1-api"},"extension":{},"message":"Beginning execution of \"us-central1-api\""}}
[debug] [2025-09-23T19:49:30.518Z] [worker-us-central1-api-21c97de0-b437-47bd-8dd6-c6e0109fd518]: BUSY {"metadata":{"emulator":{"name":"functions"},"function":{"name":"us-central1-api"},"extension":{},"message":"[worker-us-central1-api-21c97de0-b437-47bd-8dd6-c6e0109fd518]: BUSY"}}
[debug] [2025-09-23T19:49:30.550Z] Finishing up request with event=pause {"metadata":{"emulator":{"name":"functions"},"function":{"name":"us-central1-api"},"extension":{},"message":"Finishing up request with event=pause"}}
[info] i  functions: Finished "us-central1-api" in 32.260716ms {"metadata":{"emulator":{"name":"functions"},"function":{"name":"us-central1-api"},"extension":{},"message":"Finished \"us-central1-api\" in 32.260716ms"}}
[debug] [2025-09-23T19:49:30.551Z] [worker-us-central1-api-21c97de0-b437-47bd-8dd6-c6e0109fd518]: IDLE {"metadata":{"emulator":{"name":"functions"},"function":{"name":"us-central1-api"},"extension":{},"message":"[worker-us-central1-api-21c97de0-b437-47bd-8dd6-c6e0109fd518]: IDLE"}}
[debug] [2025-09-23T19:49:30.551Z] Finishing up request with event=finish {"metadata":{"emulator":{"name":"functions"},"function":{"name":"us-central1-api"},"extension":{},"message":"Finishing up request with event=finish"}}
[debug] [2025-09-23T19:49:30.552Z] Finishing up request with event=close {"metadata":{"emulator":{"name":"functions"},"function":{"name":"us-central1-api"},"extension":{},"message":"Finishing up request with event=close"}}
[debug] [2025-09-23T19:49:30.552Z] [work-queue] {"queuedWork":[],"queueLength":0,"runningWork":[],"workRunningCount":0}
[debug] [2025-09-23T19:49:47.860Z] [work-queue] {"queuedWork":["/challengeatom-bc57b/us-central1/api/tasks-2025-09-23T19:49:47.860Z"],"queueLength":1,"runningWork":[],"workRunningCount":0}
[debug] [2025-09-23T19:49:47.861Z] [work-queue] {"queuedWork":[],"queueLength":0,"runningWork":["/challengeatom-bc57b/us-central1/api/tasks-2025-09-23T19:49:47.860Z"],"workRunningCount":1}
[debug] [2025-09-23T19:49:47.861Z] Accepted request OPTIONS /challengeatom-bc57b/us-central1/api/tasks --> us-central1-api
[debug] [2025-09-23T19:49:47.866Z] [functions] Runtime ready! Sending request! {"metadata":{"emulator":{"name":"functions"},"message":"[functions] Runtime ready! Sending request!"}}
[debug] [2025-09-23T19:49:47.866Z] [functions] Got req.url=/challengeatom-bc57b/us-central1/api/tasks, mapping to path=/tasks {"metadata":{"emulator":{"name":"functions"},"message":"[functions] Got req.url=/challengeatom-bc57b/us-central1/api/tasks, mapping to path=/tasks"}}
[debug] [2025-09-23T19:49:47.866Z] [worker-pool] submitRequest(triggerId=us-central1-api) {"metadata":{"emulator":{"name":"functions"},"message":"[worker-pool] submitRequest(triggerId=us-central1-api)"}}
[info] i  functions: Beginning execution of "us-central1-api" {"metadata":{"emulator":{"name":"functions"},"function":{"name":"us-central1-api"},"extension":{},"message":"Beginning execution of \"us-central1-api\""}}
[debug] [2025-09-23T19:49:47.867Z] [worker-us-central1-api-21c97de0-b437-47bd-8dd6-c6e0109fd518]: BUSY {"metadata":{"emulator":{"name":"functions"},"function":{"name":"us-central1-api"},"extension":{},"message":"[worker-us-central1-api-21c97de0-b437-47bd-8dd6-c6e0109fd518]: BUSY"}}
[debug] [2025-09-23T19:49:47.871Z] Finishing up request with event=pause {"metadata":{"emulator":{"name":"functions"},"function":{"name":"us-central1-api"},"extension":{},"message":"Finishing up request with event=pause"}}
[info] i  functions: Finished "us-central1-api" in 4.320418ms {"metadata":{"emulator":{"name":"functions"},"function":{"name":"us-central1-api"},"extension":{},"message":"Finished \"us-central1-api\" in 4.320418ms"}}
[debug] [2025-09-23T19:49:47.871Z] [worker-us-central1-api-21c97de0-b437-47bd-8dd6-c6e0109fd518]: IDLE {"metadata":{"emulator":{"name":"functions"},"function":{"name":"us-central1-api"},"extension":{},"message":"[worker-us-central1-api-21c97de0-b437-47bd-8dd6-c6e0109fd518]: IDLE"}}
[debug] [2025-09-23T19:49:47.872Z] Finishing up request with event=finish {"metadata":{"emulator":{"name":"functions"},"function":{"name":"us-central1-api"},"extension":{},"message":"Finishing up request with event=finish"}}
[debug] [2025-09-23T19:49:47.872Z] Finishing up request with event=close {"metadata":{"emulator":{"name":"functions"},"function":{"name":"us-central1-api"},"extension":{},"message":"Finishing up request with event=close"}}
[debug] [2025-09-23T19:49:47.872Z] [work-queue] {"queuedWork":[],"queueLength":0,"runningWork":[],"workRunningCount":0}
[debug] [2025-09-23T19:49:47.873Z] [work-queue] {"queuedWork":["/challengeatom-bc57b/us-central1/api/tasks-2025-09-23T19:49:47.873Z"],"queueLength":1,"runningWork":[],"workRunningCount":0}
[debug] [2025-09-23T19:49:47.873Z] [work-queue] {"queuedWork":[],"queueLength":0,"runningWork":["/challengeatom-bc57b/us-central1/api/tasks-2025-09-23T19:49:47.873Z"],"workRunningCount":1}
[debug] [2025-09-23T19:49:47.873Z] Accepted request POST /challengeatom-bc57b/us-central1/api/tasks --> us-central1-api
[debug] [2025-09-23T19:49:47.875Z] [functions] Runtime ready! Sending request! {"metadata":{"emulator":{"name":"functions"},"message":"[functions] Runtime ready! Sending request!"}}
[debug] [2025-09-23T19:49:47.876Z] [functions] Got req.url=/challengeatom-bc57b/us-central1/api/tasks, mapping to path=/tasks {"metadata":{"emulator":{"name":"functions"},"message":"[functions] Got req.url=/challengeatom-bc57b/us-central1/api/tasks, mapping to path=/tasks"}}
[debug] [2025-09-23T19:49:47.876Z] [worker-pool] submitRequest(triggerId=us-central1-api) {"metadata":{"emulator":{"name":"functions"},"message":"[worker-pool] submitRequest(triggerId=us-central1-api)"}}
[info] i  functions: Beginning execution of "us-central1-api" {"metadata":{"emulator":{"name":"functions"},"function":{"name":"us-central1-api"},"extension":{},"message":"Beginning execution of \"us-central1-api\""}}
[debug] [2025-09-23T19:49:47.876Z] [worker-us-central1-api-21c97de0-b437-47bd-8dd6-c6e0109fd518]: BUSY {"metadata":{"emulator":{"name":"functions"},"function":{"name":"us-central1-api"},"extension":{},"message":"[worker-us-central1-api-21c97de0-b437-47bd-8dd6-c6e0109fd518]: BUSY"}}
[debug] [2025-09-23T19:49:47.912Z] Finishing up request with event=pause {"metadata":{"emulator":{"name":"functions"},"function":{"name":"us-central1-api"},"extension":{},"message":"Finishing up request with event=pause"}}
[info] i  functions: Finished "us-central1-api" in 35.737669ms {"metadata":{"emulator":{"name":"functions"},"function":{"name":"us-central1-api"},"extension":{},"message":"Finished \"us-central1-api\" in 35.737669ms"}}
[debug] [2025-09-23T19:49:47.913Z] [worker-us-central1-api-21c97de0-b437-47bd-8dd6-c6e0109fd518]: IDLE {"metadata":{"emulator":{"name":"functions"},"function":{"name":"us-central1-api"},"extension":{},"message":"[worker-us-central1-api-21c97de0-b437-47bd-8dd6-c6e0109fd518]: IDLE"}}
[debug] [2025-09-23T19:49:47.913Z] Finishing up request with event=finish {"metadata":{"emulator":{"name":"functions"},"function":{"name":"us-central1-api"},"extension":{},"message":"Finishing up request with event=finish"}}
[debug] [2025-09-23T19:49:47.913Z] Finishing up request with event=close {"metadata":{"emulator":{"name":"functions"},"function":{"name":"us-central1-api"},"extension":{},"message":"Finishing up request with event=close"}}
[debug] [2025-09-23T19:49:47.913Z] [work-queue] {"queuedWork":[],"queueLength":0,"runningWork":[],"workRunningCount":0}
[debug] [2025-09-23T19:59:12.768Z] Sep 23, 2025 3:59:12 PM io.gapi.emulators.netty.HttpVersionRoutingHandler channelRead
INFO: Detected non-HTTP/2 connection.
 {"metadata":{"emulator":{"name":"firestore"},"message":"Sep 23, 2025 3:59:12 PM io.gapi.emulators.netty.HttpVersionRoutingHandler channelRead\nINFO: Detected non-HTTP/2 connection.\n"}}
[debug] [2025-09-23T19:59:12.770Z] Sep 23, 2025 3:59:12 PM io.gapi.emulators.netty.HttpVersionRoutingHandler channelRead
INFO: Detected non-HTTP/2 connection.
 {"metadata":{"emulator":{"name":"firestore"},"message":"Sep 23, 2025 3:59:12 PM io.gapi.emulators.netty.HttpVersionRoutingHandler channelRead\nINFO: Detected non-HTTP/2 connection.\n"}}
[debug] [2025-09-23T19:59:13.258Z] Sep 23, 2025 3:59:13 PM io.gapi.emulators.netty.HttpVersionRoutingHandler channelRead
INFO: Detected non-HTTP/2 connection.
 {"metadata":{"emulator":{"name":"firestore"},"message":"Sep 23, 2025 3:59:13 PM io.gapi.emulators.netty.HttpVersionRoutingHandler channelRead\nINFO: Detected non-HTTP/2 connection.\n"}}
[debug] [2025-09-23T19:59:14.523Z] Sep 23, 2025 3:59:14 PM io.gapi.emulators.netty.HttpVersionRoutingHandler channelRead
INFO: Detected non-HTTP/2 connection.
 {"metadata":{"emulator":{"name":"firestore"},"message":"Sep 23, 2025 3:59:14 PM io.gapi.emulators.netty.HttpVersionRoutingHandler channelRead\nINFO: Detected non-HTTP/2 connection.\n"}}
[debug] [2025-09-23T19:59:14.527Z] Sep 23, 2025 3:59:14 PM io.gapi.emulators.netty.HttpVersionRoutingHandler channelRead
INFO: Detected non-HTTP/2 connection.
 {"metadata":{"emulator":{"name":"firestore"},"message":"Sep 23, 2025 3:59:14 PM io.gapi.emulators.netty.HttpVersionRoutingHandler channelRead\nINFO: Detected non-HTTP/2 connection.\n"}}
[debug] [2025-09-23T19:59:14.538Z] Sep 23, 2025 3:59:14 PM com.google.cloud.datastore.emulator.firestore.webchannel.FirestoreV1WebChannelAdapter$FirestoreListenHandler onClose
INFO: channel closed
 {"metadata":{"emulator":{"name":"firestore"},"message":"Sep 23, 2025 3:59:14 PM com.google.cloud.datastore.emulator.firestore.webchannel.FirestoreV1WebChannelAdapter$FirestoreListenHandler onClose\nINFO: channel closed\n"}}
[debug] [2025-09-23T19:59:14.571Z] Sep 23, 2025 3:59:14 PM io.gapi.emulators.netty.HttpVersionRoutingHandler channelRead
INFO: Detected non-HTTP/2 connection.
 {"metadata":{"emulator":{"name":"firestore"},"message":"Sep 23, 2025 3:59:14 PM io.gapi.emulators.netty.HttpVersionRoutingHandler channelRead\nINFO: Detected non-HTTP/2 connection.\n"}}
[debug] [2025-09-23T20:00:14.615Z] Sep 23, 2025 4:00:14 PM io.gapi.emulators.netty.HttpVersionRoutingHandler channelRead
INFO: Detected non-HTTP/2 connection.
 {"metadata":{"emulator":{"name":"firestore"},"message":"Sep 23, 2025 4:00:14 PM io.gapi.emulators.netty.HttpVersionRoutingHandler channelRead\nINFO: Detected non-HTTP/2 connection.\n"}}
[debug] [2025-09-23T20:01:14.636Z] Sep 23, 2025 4:01:14 PM io.gapi.emulators.netty.HttpVersionRoutingHandler channelRead
INFO: Detected non-HTTP/2 connection.
 {"metadata":{"emulator":{"name":"firestore"},"message":"Sep 23, 2025 4:01:14 PM io.gapi.emulators.netty.HttpVersionRoutingHandler channelRead\nINFO: Detected non-HTTP/2 connection.\n"}}
[debug] [2025-09-23T20:02:14.666Z] Sep 23, 2025 4:02:14 PM io.gapi.emulators.netty.HttpVersionRoutingHandler channelRead
INFO: Detected non-HTTP/2 connection.
 {"metadata":{"emulator":{"name":"firestore"},"message":"Sep 23, 2025 4:02:14 PM io.gapi.emulators.netty.HttpVersionRoutingHandler channelRead\nINFO: Detected non-HTTP/2 connection.\n"}}
[debug] [2025-09-23T20:03:30.352Z] Sep 23, 2025 4:03:30 PM io.gapi.emulators.netty.HttpVersionRoutingHandler channelRead
INFO: Detected non-HTTP/2 connection.
 {"metadata":{"emulator":{"name":"firestore"},"message":"Sep 23, 2025 4:03:30 PM io.gapi.emulators.netty.HttpVersionRoutingHandler channelRead\nINFO: Detected non-HTTP/2 connection.\n"}}
[debug] [2025-09-23T20:04:16.352Z] Sep 23, 2025 4:04:16 PM io.gapi.emulators.netty.HttpVersionRoutingHandler channelRead
INFO: Detected non-HTTP/2 connection.
 {"metadata":{"emulator":{"name":"firestore"},"message":"Sep 23, 2025 4:04:16 PM io.gapi.emulators.netty.HttpVersionRoutingHandler channelRead\nINFO: Detected non-HTTP/2 connection.\n"}}
[debug] [2025-09-23T20:05:02.350Z] Sep 23, 2025 4:05:02 PM io.gapi.emulators.netty.HttpVersionRoutingHandler channelRead
INFO: Detected non-HTTP/2 connection.
 {"metadata":{"emulator":{"name":"firestore"},"message":"Sep 23, 2025 4:05:02 PM io.gapi.emulators.netty.HttpVersionRoutingHandler channelRead\nINFO: Detected non-HTTP/2 connection.\n"}}
[debug] [2025-09-23T20:06:02.371Z] Sep 23, 2025 4:06:02 PM io.gapi.emulators.netty.HttpVersionRoutingHandler channelRead
INFO: Detected non-HTTP/2 connection.
 {"metadata":{"emulator":{"name":"firestore"},"message":"Sep 23, 2025 4:06:02 PM io.gapi.emulators.netty.HttpVersionRoutingHandler channelRead\nINFO: Detected non-HTTP/2 connection.\n"}}
[debug] [2025-09-23T20:06:48.347Z] Sep 23, 2025 4:06:48 PM io.gapi.emulators.netty.HttpVersionRoutingHandler channelRead
INFO: Detected non-HTTP/2 connection.
 {"metadata":{"emulator":{"name":"firestore"},"message":"Sep 23, 2025 4:06:48 PM io.gapi.emulators.netty.HttpVersionRoutingHandler channelRead\nINFO: Detected non-HTTP/2 connection.\n"}}
[debug] [2025-09-23T20:07:48.366Z] Sep 23, 2025 4:07:48 PM io.gapi.emulators.netty.HttpVersionRoutingHandler channelRead
INFO: Detected non-HTTP/2 connection.
 {"metadata":{"emulator":{"name":"firestore"},"message":"Sep 23, 2025 4:07:48 PM io.gapi.emulators.netty.HttpVersionRoutingHandler channelRead\nINFO: Detected non-HTTP/2 connection.\n"}}
[debug] [2025-09-23T20:08:48.389Z] Sep 23, 2025 4:08:48 PM io.gapi.emulators.netty.HttpVersionRoutingHandler channelRead
INFO: Detected non-HTTP/2 connection.
 {"metadata":{"emulator":{"name":"firestore"},"message":"Sep 23, 2025 4:08:48 PM io.gapi.emulators.netty.HttpVersionRoutingHandler channelRead\nINFO: Detected non-HTTP/2 connection.\n"}}
[debug] [2025-09-23T20:09:48.411Z] Sep 23, 2025 4:09:48 PM io.gapi.emulators.netty.HttpVersionRoutingHandler channelRead
INFO: Detected non-HTTP/2 connection.
 {"metadata":{"emulator":{"name":"firestore"},"message":"Sep 23, 2025 4:09:48 PM io.gapi.emulators.netty.HttpVersionRoutingHandler channelRead\nINFO: Detected non-HTTP/2 connection.\n"}}
[debug] [2025-09-23T20:10:34.346Z] Sep 23, 2025 4:10:34 PM io.gapi.emulators.netty.HttpVersionRoutingHandler channelRead
INFO: Detected non-HTTP/2 connection.
 {"metadata":{"emulator":{"name":"firestore"},"message":"Sep 23, 2025 4:10:34 PM io.gapi.emulators.netty.HttpVersionRoutingHandler channelRead\nINFO: Detected non-HTTP/2 connection.\n"}}
[debug] [2025-09-23T20:11:34.364Z] Sep 23, 2025 4:11:34 PM io.gapi.emulators.netty.HttpVersionRoutingHandler channelRead
INFO: Detected non-HTTP/2 connection.
 {"metadata":{"emulator":{"name":"firestore"},"message":"Sep 23, 2025 4:11:34 PM io.gapi.emulators.netty.HttpVersionRoutingHandler channelRead\nINFO: Detected non-HTTP/2 connection.\n"}}
[debug] [2025-09-23T20:12:50.342Z] Sep 23, 2025 4:12:50 PM io.gapi.emulators.netty.HttpVersionRoutingHandler channelRead
INFO: Detected non-HTTP/2 connection.
 {"metadata":{"emulator":{"name":"firestore"},"message":"Sep 23, 2025 4:12:50 PM io.gapi.emulators.netty.HttpVersionRoutingHandler channelRead\nINFO: Detected non-HTTP/2 connection.\n"}}
[debug] [2025-09-23T20:13:50.363Z] Sep 23, 2025 4:13:50 PM io.gapi.emulators.netty.HttpVersionRoutingHandler channelRead
INFO: Detected non-HTTP/2 connection.
 {"metadata":{"emulator":{"name":"firestore"},"message":"Sep 23, 2025 4:13:50 PM io.gapi.emulators.netty.HttpVersionRoutingHandler channelRead\nINFO: Detected non-HTTP/2 connection.\n"}}
[debug] [2025-09-23T20:15:06.340Z] Sep 23, 2025 4:15:06 PM io.gapi.emulators.netty.HttpVersionRoutingHandler channelRead
INFO: Detected non-HTTP/2 connection.
 {"metadata":{"emulator":{"name":"firestore"},"message":"Sep 23, 2025 4:15:06 PM io.gapi.emulators.netty.HttpVersionRoutingHandler channelRead\nINFO: Detected non-HTTP/2 connection.\n"}}
[debug] [2025-09-23T20:16:22.339Z] Sep 23, 2025 4:16:22 PM io.gapi.emulators.netty.HttpVersionRoutingHandler channelRead
INFO: Detected non-HTTP/2 connection.
 {"metadata":{"emulator":{"name":"firestore"},"message":"Sep 23, 2025 4:16:22 PM io.gapi.emulators.netty.HttpVersionRoutingHandler channelRead\nINFO: Detected non-HTTP/2 connection.\n"}}
[debug] [2025-09-23T20:17:08.337Z] Sep 23, 2025 4:17:08 PM io.gapi.emulators.netty.HttpVersionRoutingHandler channelRead
INFO: Detected non-HTTP/2 connection.
 {"metadata":{"emulator":{"name":"firestore"},"message":"Sep 23, 2025 4:17:08 PM io.gapi.emulators.netty.HttpVersionRoutingHandler channelRead\nINFO: Detected non-HTTP/2 connection.\n"}}
[debug] [2025-09-23T20:18:08.357Z] Sep 23, 2025 4:18:08 PM io.gapi.emulators.netty.HttpVersionRoutingHandler channelRead
INFO: Detected non-HTTP/2 connection.
 {"metadata":{"emulator":{"name":"firestore"},"message":"Sep 23, 2025 4:18:08 PM io.gapi.emulators.netty.HttpVersionRoutingHandler channelRead\nINFO: Detected non-HTTP/2 connection.\n"}}
[debug] [2025-09-23T20:18:54.349Z] Sep 23, 2025 4:18:54 PM io.gapi.emulators.netty.HttpVersionRoutingHandler channelRead
INFO: Detected non-HTTP/2 connection.
 {"metadata":{"emulator":{"name":"firestore"},"message":"Sep 23, 2025 4:18:54 PM io.gapi.emulators.netty.HttpVersionRoutingHandler channelRead\nINFO: Detected non-HTTP/2 connection.\n"}}
